****************************************
10_a_34.gif
~~~~~~~~~~~~~~~~~~~~
(1000000000, 'a.gif')
(640000000, 'c.gif')
(640000000000000000L, 'a.gif')
****************************************
11_str_g_15.gif
~~~~~~~~~~~~~~~~~~~~
(272097792, '4.gif')
(810000000, 'q.gif')
(211631616000000000L, 'q.gif')
****************************************
12_R_1.gif
~~~~~~~~~~~~~~~~~~~~
(90000000, 'R (2).gif')
(810000000, 'R (2).gif')
(72900000000000000L, 'R (2).gif')
****************************************
13_B_25.gif
~~~~~~~~~~~~~~~~~~~~
(331776000, 's.gif')
(518400, 'd.gif')
(19349176320000L, 's.gif')
****************************************
14_B_27.gif
~~~~~~~~~~~~~~~~~~~~
(1000000000, '8.gif')
(1000000000, '8.gif')
(1000000000000000000L, '8.gif')
****************************************
15_P_27.gif
~~~~~~~~~~~~~~~~~~~~
(567000000, '3.gif')
(900000000, '8.gif')
(510300000000000000L, '3.gif')
****************************************
16_B_16.gif
~~~~~~~~~~~~~~~~~~~~
(268738560, '7.gif')
(335923200, 'c.gif')
(839965883904000L, 'X (2).gif')
****************************************
17_S_0.gif
~~~~~~~~~~~~~~~~~~~~
(1000000000, 'S (2).gif')
(1000000, 'S (2).gif')
(1000000000000000L, 'S (2).gif')
****************************************
18_B_9.gif
~~~~~~~~~~~~~~~~~~~~
(36864000, 'S (2).gif')
(64800, 'k.gif')
(1672151040000L, 'S (2).gif')
****************************************
19_B_27.gif
~~~~~~~~~~~~~~~~~~~~
(100000000, 'R (2).gif')
(1000000, 'R (2).gif')
(100000000000000L, 'R (2).gif')
****************************************
1_B_15.gif
~~~~~~~~~~~~~~~~~~~~
(90000000, 'R (2).gif')
(810000, 'R (2).gif')
(72900000000000L, 'R (2).gif')
****************************************
20_V_25.gif
~~~~~~~~~~~~~~~~~~~~
(1000000000, 'Y (2).gif')
(1000000000, 'Y (2).gif')
(1000000000000000000L, 'Y (2).gif')
****************************************
2_P_14.gif
~~~~~~~~~~~~~~~~~~~~
(100000000, 't.gif')
(1000000000, 't.gif')
(100000000000000000L, 't.gif')
****************************************
3_B_31.gif
~~~~~~~~~~~~~~~~~~~~
(1000000000, 's.gif')
(1000000000, 's.gif')
(1000000000000000000L, 's.gif')
****************************************
4_R_32.gif
~~~~~~~~~~~~~~~~~~~~
(729000000, 'X (2).gif')
(1000000000, 'X (2).gif')
(729000000000000000L, 'X (2).gif')
****************************************
5_J_3.gif
~~~~~~~~~~~~~~~~~~~~
(5184000, 'P_2.gif')
(80000, 'J.gif')
(261273600000L, 'J.gif')
****************************************
6_U_0.gif
~~~~~~~~~~~~~~~~~~~~
(100000000, 'U.gif')
(1000000000, 'U.gif')
(100000000000000000L, 'U.gif')
****************************************
7_str_r_9.gif
~~~~~~~~~~~~~~~~~~~~
(576000, 'n.gif')
(518400000, 'U.gif')
(137137287168000L, 'C (2).gif')
****************************************
8_str_r_10.gif
~~~~~~~~~~~~~~~~~~~~
(225792, 'v.gif')
(700000, 'K (2).gif')
(15126300000L, 'K (2).gif')
****************************************
9_G_1.gif
~~~~~~~~~~~~~~~~~~~~
(10000000, 'G (2).gif')
(1000000000, 'G (2).gif')
(10000000000000000L, 'G (2).gif')
