****************************************
10_a_34.gif
~~~~~~~~~~~~~~~~~~~~
(1000000000, 'a_a.gif')
(729000000, 's_40.gif')
(640000000000000000L, 'a_12.gif')
****************************************
11_str_g_15.gif
~~~~~~~~~~~~~~~~~~~~
(800000000, 'g_3q.gif')
(1000000000, 'g_3q.gif')
(800000000000000000L, 'g_3q.gif')
****************************************
12_R_1.gif
~~~~~~~~~~~~~~~~~~~~
(100000000, 'P_31.gif')
(1000000000, 'P_31.gif')
(100000000000000000L, 'P_31.gif')
****************************************
13_B_25.gif
~~~~~~~~~~~~~~~~~~~~
(1000000000, '8 (2).gif')
(1000000, '8 (2).gif')
(1000000000000000L, '8 (2).gif')
****************************************
14_B_27.gif
~~~~~~~~~~~~~~~~~~~~
(1000000000, '8_1B.gif')
(1000000000, '8_4.gif')
(1000000000000000000L, '8_1B.gif')
****************************************
15_P_27.gif
~~~~~~~~~~~~~~~~~~~~
(900000000, '3_3C.gif')
(900000000, '8_4.gif')
(810000000000000000L, '3_3C.gif')
****************************************
16_B_16.gif
~~~~~~~~~~~~~~~~~~~~
(583200000, 'U_11.gif')
(408240000, 'E_3d.gif')
(109345558815360000L, 'A_41.gif')
****************************************
17_S_0.gif
~~~~~~~~~~~~~~~~~~~~
(1000000000, 'S_3C.gif')
(1000000, 's_2.gif')
(1000000000000000L, 'S_3C.gif')
****************************************
18_B_9.gif
~~~~~~~~~~~~~~~~~~~~
(36864000, 'S_3C.gif')
(64800, 'w_31.gif')
(1672151040000L, 'S_3C.gif')
****************************************
19_B_27.gif
~~~~~~~~~~~~~~~~~~~~
(100000000, 'R_1B.gif')
(1000000, 'R (2).gif')
(100000000000000L, 'R (2).gif')
****************************************
1_B_15.gif
~~~~~~~~~~~~~~~~~~~~
(100000000, 'P_31.gif')
(1000000, 'R_1B.gif')
(100000000000000L, 'P_31.gif')
****************************************
20_V_25.gif
~~~~~~~~~~~~~~~~~~~~
(1000000000, 'y_2.gif')
(1000000000, 'y_2.gif')
(1000000000000000000L, 'y_2.gif')
****************************************
2_P_14.gif
~~~~~~~~~~~~~~~~~~~~
(100000000, 't.gif')
(1000000000, 't.gif')
(100000000000000000L, 't.gif')
****************************************
3_B_31.gif
~~~~~~~~~~~~~~~~~~~~
(1000000000, 's.gif')
(1000000000, 's_4k.gif')
(1000000000000000000L, 's.gif')
****************************************
4_R_32.gif
~~~~~~~~~~~~~~~~~~~~
(1000000000, 'x_2.gif')
(1000000000, 'x_3r.gif')
(1000000000000000000L, 'x_2.gif')
****************************************
5_J_3.gif
~~~~~~~~~~~~~~~~~~~~
(5904900, '4_4q.gif')
(100000, 'j_4r.gif')
(373248000000L, 'J_2.gif')
****************************************
6_U_0.gif
~~~~~~~~~~~~~~~~~~~~
(100000000, 'U.gif')
(1000000000, 'U_3w.gif')
(100000000000000000L, 'U.gif')
****************************************
7_str_r_9.gif
~~~~~~~~~~~~~~~~~~~~
(583200, 'P_4J.gif')
(1000000000, 'Q_2C.gif')
(419904000000000L, 'Q_2C.gif')
****************************************
8_str_r_10.gif
~~~~~~~~~~~~~~~~~~~~
(225792, 'v.gif')
(720000, 'N_3.gif')
(104044953600L, 'v_4g.gif')
****************************************
9_G_1.gif
~~~~~~~~~~~~~~~~~~~~
(10000000, 'G (2).gif')
(1000000000, 'G_3u.gif')
(10000000000000000L, 'G (2).gif')
